Build started 2014/12/1 15:03:04.
     1>Project "G:\MyCodeOnWindows\IA-32AssemblyCode\Project_sample\Project.vcxproj" on node 2 (build target(s)).
     1>InitializeBuildStatus:
         Creating "Debug\Project.unsuccessfulbuild" because "AlwaysCreate" was specified.
       _MASM:
         Assembling [Inputs]...
         cmd.exe /C "C:\Users\Administrator\AppData\Local\Temp\1313e817532245f6a4b2910134c54845.cmd"
         ml.exe /c /nologo /Zi /Fo"Debug\6.9.4.obj" /I "c:\Irvine" /W3 /errorReport:prompt  /Ta..\Chapter6\6.9.4.asm
       Link:
         D:\MicrosoftVisualStudio10.0\VC\bin\link.exe /ERRORREPORT:PROMPT /OUT:"G:\MyCodeOnWindows\IA-32AssemblyCode\Project_sample\Debug\Project.exe" /NOLOGO /LIBPATH:c:\Irvine user32.lib irvine32.lib kernel32.lib user32.lib gdi32.lib winspool.lib comdlg32.lib advapi32.lib shell32.lib ole32.lib oleaut32.lib uuid.lib odbc32.lib odbccp32.lib /MANIFEST /ManifestFile:"Debug\Project.exe.intermediate.manifest" /MANIFESTUAC:"level='asInvoker' uiAccess='false'" /DEBUG /PDB:"G:\MyCodeOnWindows\IA-32AssemblyCode\Project_sample\Debug\Project.pdb" /SUBSYSTEM:CONSOLE /TLBID:1 /DYNAMICBASE:NO /IMPLIB:"G:\MyCodeOnWindows\IA-32AssemblyCode\Project_sample\Debug\Project.lib" /MACHINE:X86 Debug\6.9.4.obj
         LINK : G:\MyCodeOnWindows\IA-32AssemblyCode\Project_sample\Debug\Project.exe not found or not built by the last incremental link; performing full link
         Project.vcxproj -> G:\MyCodeOnWindows\IA-32AssemblyCode\Project_sample\Debug\Project.exe
       Manifest:
         C:\Program Files\Microsoft SDKs\Windows\v7.0A\bin\mt.exe /nologo /verbose /outputresource:"G:\MyCodeOnWindows\IA-32AssemblyCode\Project_sample\Debug\Project.exe;#1" /manifest Debug\Project.exe.intermediate.manifest
       FinalizeBuildStatus:
         Deleting file "Debug\Project.unsuccessfulbuild".
         Touching "Debug\Project.lastbuildstate".
     1>Done Building Project "G:\MyCodeOnWindows\IA-32AssemblyCode\Project_sample\Project.vcxproj" (build target(s)).

Build succeeded.

Time Elapsed 00:00:01.22
